2025-04-10T00:00:50.994+07:00  INFO 7660 --- [pool-2-thread-1] c.e.e.a.service.TokenBlacklistService    : Starting blacklist cleanup, current size: 0
2025-04-10T00:00:51.673+07:00  INFO 7660 --- [pool-2-thread-1] c.e.e.a.service.TokenBlacklistService    : Blacklist cleanup completed
2025-04-10T00:12:54.737+07:00 DEBUG 7660 --- [http-nio-8080-exec-4] c.e.eduweb.auth.config.JwtAuthFilter     : Processing request: /api/students
2025-04-10T00:12:54.738+07:00 DEBUG 7660 --- [http-nio-8080-exec-4] c.e.eduweb.auth.config.JwtAuthFilter     : JWT token extracted from header
2025-04-10T00:12:54.739+07:00 DEBUG 7660 --- [http-nio-8080-exec-4] c.e.eduweb.auth.service.JwtService       : Trích xu?t username t? token
2025-04-10T00:12:54.740+07:00 DEBUG 7660 --- [http-nio-8080-exec-4] c.e.eduweb.auth.service.JwtService       : B?t ??u trích xu?t t?t c? claims t? token
2025-04-10T00:12:54.909+07:00 DEBUG 7660 --- [http-nio-8080-exec-4] c.e.eduweb.auth.config.JwtAuthFilter     : Username extracted from token: admin
2025-04-10T00:12:54.910+07:00 DEBUG 7660 --- [http-nio-8080-exec-4] c.e.eduweb.auth.config.JwtAuthFilter     : Loading user details for username: admin
2025-04-10T00:12:54.911+07:00 DEBUG 7660 --- [http-nio-8080-exec-4] c.e.e.a.service.UserDetailsServiceImpl   : Attempting to load user by username: admin
2025-04-10T00:12:55.227+07:00  INFO 7660 --- [http-nio-8080-exec-4] c.e.e.a.service.UserDetailsServiceImpl   : User found: admin
2025-04-10T00:12:55.228+07:00 DEBUG 7660 --- [http-nio-8080-exec-4] c.e.e.a.service.UserDetailsServiceImpl   : User role: admin
2025-04-10T00:12:55.228+07:00 DEBUG 7660 --- [http-nio-8080-exec-4] c.e.e.a.service.UserDetailsServiceImpl   : Creating authority for role: admin
2025-04-10T00:12:55.229+07:00 DEBUG 7660 --- [http-nio-8080-exec-4] c.e.eduweb.auth.service.JwtService       : Ki?m tra tính h?p l? c?a token cho user: admin
2025-04-10T00:12:55.230+07:00 DEBUG 7660 --- [http-nio-8080-exec-4] c.e.eduweb.auth.service.JwtService       : Trích xu?t username t? token
2025-04-10T00:12:55.230+07:00 DEBUG 7660 --- [http-nio-8080-exec-4] c.e.eduweb.auth.service.JwtService       : B?t ??u trích xu?t t?t c? claims t? token
2025-04-10T00:12:55.234+07:00 DEBUG 7660 --- [http-nio-8080-exec-4] c.e.eduweb.auth.service.JwtService       : B?t ??u trích xu?t t?t c? claims t? token
2025-04-10T00:12:55.239+07:00 DEBUG 7660 --- [http-nio-8080-exec-4] c.e.eduweb.auth.service.JwtService       : Token h?p l? cho user: admin
2025-04-10T00:12:55.239+07:00  INFO 7660 --- [http-nio-8080-exec-4] c.e.eduweb.auth.config.JwtAuthFilter     : JWT token validated successfully for user: admin
2025-04-10T00:12:55.242+07:00 DEBUG 7660 --- [http-nio-8080-exec-4] c.e.eduweb.auth.config.JwtAuthFilter     : Authentication set in SecurityContext
2025-04-10T00:12:55.304+07:00  INFO 7660 --- [http-nio-8080-exec-4] c.e.e.m.service.StudentService           : Fetching all students
2025-04-10T00:12:55.379+07:00 DEBUG 7660 --- [http-nio-8080-exec-4] c.e.e.m.service.StudentService           : Getting teacher for student: 1
2025-04-10T00:12:55.407+07:00 DEBUG 7660 --- [http-nio-8080-exec-4] c.e.e.m.service.StudentService           : Found teacher Nguyen Thi D for student 1
2025-04-10T00:12:55.408+07:00 DEBUG 7660 --- [http-nio-8080-exec-4] c.e.e.m.service.StudentService           : Getting class time for student: 1
2025-04-10T00:12:55.417+07:00 DEBUG 7660 --- [http-nio-8080-exec-4] c.e.e.m.service.StudentService           : Found class time 08:00 - 10:00 for student 1
2025-04-10T00:12:55.418+07:00 DEBUG 7660 --- [http-nio-8080-exec-4] c.e.e.m.service.StudentService           : Generated random status: present
2025-04-10T00:12:55.418+07:00 DEBUG 7660 --- [http-nio-8080-exec-4] c.e.e.m.service.StudentService           : Getting subjects for student: 1
2025-04-10T00:12:55.422+07:00 DEBUG 7660 --- [http-nio-8080-exec-4] c.e.e.m.service.StudentService           : Found 2 subjects for student 1
2025-04-10T00:12:55.485+07:00 DEBUG 7660 --- [http-nio-8080-exec-4] c.e.e.m.service.StudentService           : Getting teacher for student: 2
2025-04-10T00:12:55.489+07:00 DEBUG 7660 --- [http-nio-8080-exec-4] c.e.e.m.service.StudentService           : Found teacher Nguyen Thi D for student 2
2025-04-10T00:12:55.489+07:00 DEBUG 7660 --- [http-nio-8080-exec-4] c.e.e.m.service.StudentService           : Getting class time for student: 2
2025-04-10T00:12:55.493+07:00 DEBUG 7660 --- [http-nio-8080-exec-4] c.e.e.m.service.StudentService           : Found class time 08:00 - 10:00 for student 2
2025-04-10T00:12:55.493+07:00 DEBUG 7660 --- [http-nio-8080-exec-4] c.e.e.m.service.StudentService           : Generated random status: absent
2025-04-10T00:12:55.493+07:00 DEBUG 7660 --- [http-nio-8080-exec-4] c.e.e.m.service.StudentService           : Getting subjects for student: 2
2025-04-10T00:12:55.494+07:00 DEBUG 7660 --- [http-nio-8080-exec-4] c.e.e.m.service.StudentService           : Found 1 subjects for student 2
2025-04-10T00:12:55.519+07:00 DEBUG 7660 --- [http-nio-8080-exec-4] c.e.e.m.service.StudentService           : Getting teacher for student: 3
2025-04-10T00:12:55.523+07:00 DEBUG 7660 --- [http-nio-8080-exec-4] c.e.e.m.service.StudentService           : Found teacher Le Thi F for student 3
2025-04-10T00:12:55.523+07:00 DEBUG 7660 --- [http-nio-8080-exec-4] c.e.e.m.service.StudentService           : Getting class time for student: 3
2025-04-10T00:12:55.528+07:00 DEBUG 7660 --- [http-nio-8080-exec-4] c.e.e.m.service.StudentService           : Found class time 15:00 - 17:00 for student 3
2025-04-10T00:12:55.528+07:00 DEBUG 7660 --- [http-nio-8080-exec-4] c.e.e.m.service.StudentService           : Generated random status: present
2025-04-10T00:12:55.528+07:00 DEBUG 7660 --- [http-nio-8080-exec-4] c.e.e.m.service.StudentService           : Getting subjects for student: 3
2025-04-10T00:12:55.530+07:00 DEBUG 7660 --- [http-nio-8080-exec-4] c.e.e.m.service.StudentService           : Found 1 subjects for student 3
2025-04-10T00:12:55.553+07:00 DEBUG 7660 --- [http-nio-8080-exec-4] c.e.e.m.service.StudentService           : Getting teacher for student: 10
2025-04-10T00:12:55.556+07:00 DEBUG 7660 --- [http-nio-8080-exec-4] c.e.e.m.service.StudentService           : No teacher found for student: 10
2025-04-10T00:12:55.556+07:00 DEBUG 7660 --- [http-nio-8080-exec-4] c.e.e.m.service.StudentService           : Getting class time for student: 10
2025-04-10T00:12:55.558+07:00 DEBUG 7660 --- [http-nio-8080-exec-4] c.e.e.m.service.StudentService           : No class time found for student: 10
2025-04-10T00:12:55.558+07:00 DEBUG 7660 --- [http-nio-8080-exec-4] c.e.e.m.service.StudentService           : Generated random status: absent
2025-04-10T00:12:55.559+07:00 DEBUG 7660 --- [http-nio-8080-exec-4] c.e.e.m.service.StudentService           : Getting subjects for student: 10
2025-04-10T00:12:55.561+07:00 DEBUG 7660 --- [http-nio-8080-exec-4] c.e.e.m.service.StudentService           : Found 0 subjects for student 10
2025-04-10T00:12:55.572+07:00  INFO 7660 --- [http-nio-8080-exec-4] c.e.e.m.service.StudentService           : Successfully fetched 4 students
2025-04-10T00:12:55.664+07:00 DEBUG 7660 --- [http-nio-8080-exec-6] c.e.eduweb.auth.config.JwtAuthFilter     : Processing request: /api/students
2025-04-10T00:12:55.666+07:00 DEBUG 7660 --- [http-nio-8080-exec-6] c.e.eduweb.auth.config.JwtAuthFilter     : JWT token extracted from header
2025-04-10T00:12:55.666+07:00 DEBUG 7660 --- [http-nio-8080-exec-6] c.e.eduweb.auth.service.JwtService       : Trích xu?t username t? token
2025-04-10T00:12:55.666+07:00 DEBUG 7660 --- [http-nio-8080-exec-6] c.e.eduweb.auth.service.JwtService       : B?t ??u trích xu?t t?t c? claims t? token
2025-04-10T00:12:55.674+07:00 DEBUG 7660 --- [http-nio-8080-exec-6] c.e.eduweb.auth.config.JwtAuthFilter     : Username extracted from token: admin
2025-04-10T00:12:55.674+07:00 DEBUG 7660 --- [http-nio-8080-exec-6] c.e.eduweb.auth.config.JwtAuthFilter     : Loading user details for username: admin
2025-04-10T00:12:55.674+07:00 DEBUG 7660 --- [http-nio-8080-exec-6] c.e.e.a.service.UserDetailsServiceImpl   : Attempting to load user by username: admin
2025-04-10T00:12:55.679+07:00  INFO 7660 --- [http-nio-8080-exec-6] c.e.e.a.service.UserDetailsServiceImpl   : User found: admin
2025-04-10T00:12:55.679+07:00 DEBUG 7660 --- [http-nio-8080-exec-6] c.e.e.a.service.UserDetailsServiceImpl   : User role: admin
2025-04-10T00:12:55.679+07:00 DEBUG 7660 --- [http-nio-8080-exec-6] c.e.e.a.service.UserDetailsServiceImpl   : Creating authority for role: admin
2025-04-10T00:12:55.679+07:00 DEBUG 7660 --- [http-nio-8080-exec-6] c.e.eduweb.auth.service.JwtService       : Ki?m tra tính h?p l? c?a token cho user: admin
2025-04-10T00:12:55.679+07:00 DEBUG 7660 --- [http-nio-8080-exec-6] c.e.eduweb.auth.service.JwtService       : Trích xu?t username t? token
2025-04-10T00:12:55.680+07:00 DEBUG 7660 --- [http-nio-8080-exec-6] c.e.eduweb.auth.service.JwtService       : B?t ??u trích xu?t t?t c? claims t? token
2025-04-10T00:12:55.684+07:00 DEBUG 7660 --- [http-nio-8080-exec-6] c.e.eduweb.auth.service.JwtService       : B?t ??u trích xu?t t?t c? claims t? token
2025-04-10T00:12:55.690+07:00 DEBUG 7660 --- [http-nio-8080-exec-6] c.e.eduweb.auth.service.JwtService       : Token h?p l? cho user: admin
2025-04-10T00:12:55.690+07:00  INFO 7660 --- [http-nio-8080-exec-6] c.e.eduweb.auth.config.JwtAuthFilter     : JWT token validated successfully for user: admin
2025-04-10T00:12:55.691+07:00 DEBUG 7660 --- [http-nio-8080-exec-6] c.e.eduweb.auth.config.JwtAuthFilter     : Authentication set in SecurityContext
2025-04-10T00:12:55.693+07:00  INFO 7660 --- [http-nio-8080-exec-6] c.e.e.m.service.StudentService           : Fetching all students
2025-04-10T00:12:55.696+07:00 DEBUG 7660 --- [http-nio-8080-exec-6] c.e.e.m.service.StudentService           : Getting teacher for student: 1
2025-04-10T00:12:55.701+07:00 DEBUG 7660 --- [http-nio-8080-exec-6] c.e.e.m.service.StudentService           : Found teacher Nguyen Thi D for student 1
2025-04-10T00:12:55.702+07:00 DEBUG 7660 --- [http-nio-8080-exec-6] c.e.e.m.service.StudentService           : Getting class time for student: 1
2025-04-10T00:12:55.708+07:00 DEBUG 7660 --- [http-nio-8080-exec-6] c.e.e.m.service.StudentService           : Found class time 08:00 - 10:00 for student 1
2025-04-10T00:12:55.709+07:00 DEBUG 7660 --- [http-nio-8080-exec-6] c.e.e.m.service.StudentService           : Generated random status: no class
2025-04-10T00:12:55.709+07:00 DEBUG 7660 --- [http-nio-8080-exec-6] c.e.e.m.service.StudentService           : Getting subjects for student: 1
2025-04-10T00:12:55.712+07:00 DEBUG 7660 --- [http-nio-8080-exec-6] c.e.e.m.service.StudentService           : Found 2 subjects for student 1
2025-04-10T00:12:55.734+07:00 DEBUG 7660 --- [http-nio-8080-exec-6] c.e.e.m.service.StudentService           : Getting teacher for student: 2
2025-04-10T00:12:55.736+07:00 DEBUG 7660 --- [http-nio-8080-exec-6] c.e.e.m.service.StudentService           : Found teacher Nguyen Thi D for student 2
2025-04-10T00:12:55.737+07:00 DEBUG 7660 --- [http-nio-8080-exec-6] c.e.e.m.service.StudentService           : Getting class time for student: 2
2025-04-10T00:12:55.741+07:00 DEBUG 7660 --- [http-nio-8080-exec-6] c.e.e.m.service.StudentService           : Found class time 08:00 - 10:00 for student 2
2025-04-10T00:12:55.741+07:00 DEBUG 7660 --- [http-nio-8080-exec-6] c.e.e.m.service.StudentService           : Generated random status: no class
2025-04-10T00:12:55.743+07:00 DEBUG 7660 --- [http-nio-8080-exec-6] c.e.e.m.service.StudentService           : Getting subjects for student: 2
2025-04-10T00:12:55.745+07:00 DEBUG 7660 --- [http-nio-8080-exec-6] c.e.e.m.service.StudentService           : Found 1 subjects for student 2
2025-04-10T00:12:55.766+07:00 DEBUG 7660 --- [http-nio-8080-exec-6] c.e.e.m.service.StudentService           : Getting teacher for student: 3
2025-04-10T00:12:55.771+07:00 DEBUG 7660 --- [http-nio-8080-exec-6] c.e.e.m.service.StudentService           : Found teacher Le Thi F for student 3
2025-04-10T00:12:55.771+07:00 DEBUG 7660 --- [http-nio-8080-exec-6] c.e.e.m.service.StudentService           : Getting class time for student: 3
2025-04-10T00:12:55.778+07:00 DEBUG 7660 --- [http-nio-8080-exec-6] c.e.e.m.service.StudentService           : Found class time 15:00 - 17:00 for student 3
2025-04-10T00:12:55.780+07:00 DEBUG 7660 --- [http-nio-8080-exec-6] c.e.e.m.service.StudentService           : Generated random status: present
2025-04-10T00:12:55.780+07:00 DEBUG 7660 --- [http-nio-8080-exec-6] c.e.e.m.service.StudentService           : Getting subjects for student: 3
2025-04-10T00:12:55.783+07:00 DEBUG 7660 --- [http-nio-8080-exec-6] c.e.e.m.service.StudentService           : Found 1 subjects for student 3
2025-04-10T00:12:55.805+07:00 DEBUG 7660 --- [http-nio-8080-exec-6] c.e.e.m.service.StudentService           : Getting teacher for student: 10
2025-04-10T00:12:55.806+07:00 DEBUG 7660 --- [http-nio-8080-exec-6] c.e.e.m.service.StudentService           : No teacher found for student: 10
2025-04-10T00:12:55.808+07:00 DEBUG 7660 --- [http-nio-8080-exec-6] c.e.e.m.service.StudentService           : Getting class time for student: 10
2025-04-10T00:12:55.811+07:00 DEBUG 7660 --- [http-nio-8080-exec-6] c.e.e.m.service.StudentService           : No class time found for student: 10
2025-04-10T00:12:55.811+07:00 DEBUG 7660 --- [http-nio-8080-exec-6] c.e.e.m.service.StudentService           : Generated random status: present
2025-04-10T00:12:55.812+07:00 DEBUG 7660 --- [http-nio-8080-exec-6] c.e.e.m.service.StudentService           : Getting subjects for student: 10
2025-04-10T00:12:55.814+07:00 DEBUG 7660 --- [http-nio-8080-exec-6] c.e.e.m.service.StudentService           : Found 0 subjects for student 10
2025-04-10T00:12:55.820+07:00  INFO 7660 --- [http-nio-8080-exec-6] c.e.e.m.service.StudentService           : Successfully fetched 4 students
2025-04-10T00:13:13.229+07:00 DEBUG 7660 --- [http-nio-8080-exec-9] c.e.eduweb.auth.config.JwtAuthFilter     : Processing request: /api/students
2025-04-10T00:13:13.232+07:00 DEBUG 7660 --- [http-nio-8080-exec-9] c.e.eduweb.auth.config.JwtAuthFilter     : JWT token extracted from header
2025-04-10T00:13:13.235+07:00 DEBUG 7660 --- [http-nio-8080-exec-9] c.e.eduweb.auth.service.JwtService       : Trích xu?t username t? token
2025-04-10T00:13:13.235+07:00 DEBUG 7660 --- [http-nio-8080-exec-9] c.e.eduweb.auth.service.JwtService       : B?t ??u trích xu?t t?t c? claims t? token
2025-04-10T00:13:13.246+07:00 DEBUG 7660 --- [http-nio-8080-exec-9] c.e.eduweb.auth.config.JwtAuthFilter     : Username extracted from token: admin
2025-04-10T00:13:13.246+07:00 DEBUG 7660 --- [http-nio-8080-exec-9] c.e.eduweb.auth.config.JwtAuthFilter     : Loading user details for username: admin
2025-04-10T00:13:13.246+07:00 DEBUG 7660 --- [http-nio-8080-exec-9] c.e.e.a.service.UserDetailsServiceImpl   : Attempting to load user by username: admin
2025-04-10T00:13:13.252+07:00  INFO 7660 --- [http-nio-8080-exec-9] c.e.e.a.service.UserDetailsServiceImpl   : User found: admin
2025-04-10T00:13:13.252+07:00 DEBUG 7660 --- [http-nio-8080-exec-9] c.e.e.a.service.UserDetailsServiceImpl   : User role: admin
2025-04-10T00:13:13.253+07:00 DEBUG 7660 --- [http-nio-8080-exec-9] c.e.e.a.service.UserDetailsServiceImpl   : Creating authority for role: admin
2025-04-10T00:13:13.255+07:00 DEBUG 7660 --- [http-nio-8080-exec-9] c.e.eduweb.auth.service.JwtService       : Ki?m tra tính h?p l? c?a token cho user: admin
2025-04-10T00:13:13.260+07:00 DEBUG 7660 --- [http-nio-8080-exec-9] c.e.eduweb.auth.service.JwtService       : Trích xu?t username t? token
2025-04-10T00:13:13.260+07:00 DEBUG 7660 --- [http-nio-8080-exec-9] c.e.eduweb.auth.service.JwtService       : B?t ??u trích xu?t t?t c? claims t? token
2025-04-10T00:13:13.264+07:00 DEBUG 7660 --- [http-nio-8080-exec-9] c.e.eduweb.auth.service.JwtService       : B?t ??u trích xu?t t?t c? claims t? token
2025-04-10T00:13:13.269+07:00 DEBUG 7660 --- [http-nio-8080-exec-9] c.e.eduweb.auth.service.JwtService       : Token h?p l? cho user: admin
2025-04-10T00:13:13.269+07:00  INFO 7660 --- [http-nio-8080-exec-9] c.e.eduweb.auth.config.JwtAuthFilter     : JWT token validated successfully for user: admin
2025-04-10T00:13:13.269+07:00 DEBUG 7660 --- [http-nio-8080-exec-9] c.e.eduweb.auth.config.JwtAuthFilter     : Authentication set in SecurityContext
2025-04-10T00:13:13.271+07:00  INFO 7660 --- [http-nio-8080-exec-9] c.e.e.m.service.StudentService           : Fetching all students
2025-04-10T00:13:13.276+07:00 DEBUG 7660 --- [http-nio-8080-exec-9] c.e.e.m.service.StudentService           : Getting teacher for student: 1
2025-04-10T00:13:13.281+07:00 DEBUG 7660 --- [http-nio-8080-exec-9] c.e.e.m.service.StudentService           : Found teacher Nguyen Thi D for student 1
2025-04-10T00:13:13.281+07:00 DEBUG 7660 --- [http-nio-8080-exec-9] c.e.e.m.service.StudentService           : Getting class time for student: 1
2025-04-10T00:13:13.285+07:00 DEBUG 7660 --- [http-nio-8080-exec-9] c.e.e.m.service.StudentService           : Found class time 08:00 - 10:00 for student 1
2025-04-10T00:13:13.286+07:00 DEBUG 7660 --- [http-nio-8080-exec-9] c.e.e.m.service.StudentService           : Generated random status: present
2025-04-10T00:13:13.287+07:00 DEBUG 7660 --- [http-nio-8080-exec-9] c.e.e.m.service.StudentService           : Getting subjects for student: 1
2025-04-10T00:13:13.290+07:00 DEBUG 7660 --- [http-nio-8080-exec-9] c.e.e.m.service.StudentService           : Found 2 subjects for student 1
2025-04-10T00:13:13.313+07:00 DEBUG 7660 --- [http-nio-8080-exec-9] c.e.e.m.service.StudentService           : Getting teacher for student: 2
2025-04-10T00:13:13.314+07:00 DEBUG 7660 --- [http-nio-8080-exec-9] c.e.e.m.service.StudentService           : Found teacher Nguyen Thi D for student 2
2025-04-10T00:13:13.315+07:00 DEBUG 7660 --- [http-nio-8080-exec-9] c.e.e.m.service.StudentService           : Getting class time for student: 2
2025-04-10T00:13:13.321+07:00 DEBUG 7660 --- [http-nio-8080-exec-9] c.e.e.m.service.StudentService           : Found class time 08:00 - 10:00 for student 2
2025-04-10T00:13:13.321+07:00 DEBUG 7660 --- [http-nio-8080-exec-9] c.e.e.m.service.StudentService           : Generated random status: present
2025-04-10T00:13:13.321+07:00 DEBUG 7660 --- [http-nio-8080-exec-9] c.e.e.m.service.StudentService           : Getting subjects for student: 2
2025-04-10T00:13:13.323+07:00 DEBUG 7660 --- [http-nio-8080-exec-9] c.e.e.m.service.StudentService           : Found 1 subjects for student 2
2025-04-10T00:13:13.342+07:00 DEBUG 7660 --- [http-nio-8080-exec-9] c.e.e.m.service.StudentService           : Getting teacher for student: 3
2025-04-10T00:13:13.346+07:00 DEBUG 7660 --- [http-nio-8080-exec-9] c.e.e.m.service.StudentService           : Found teacher Le Thi F for student 3
2025-04-10T00:13:13.346+07:00 DEBUG 7660 --- [http-nio-8080-exec-9] c.e.e.m.service.StudentService           : Getting class time for student: 3
2025-04-10T00:13:13.376+07:00 DEBUG 7660 --- [http-nio-8080-exec-9] c.e.e.m.service.StudentService           : Found class time 15:00 - 17:00 for student 3
2025-04-10T00:13:13.377+07:00 DEBUG 7660 --- [http-nio-8080-exec-9] c.e.e.m.service.StudentService           : Generated random status: absent
2025-04-10T00:13:13.377+07:00 DEBUG 7660 --- [http-nio-8080-exec-9] c.e.e.m.service.StudentService           : Getting subjects for student: 3
2025-04-10T00:13:13.379+07:00 DEBUG 7660 --- [http-nio-8080-exec-9] c.e.e.m.service.StudentService           : Found 1 subjects for student 3
2025-04-10T00:13:13.396+07:00 DEBUG 7660 --- [http-nio-8080-exec-9] c.e.e.m.service.StudentService           : Getting teacher for student: 10
2025-04-10T00:13:13.400+07:00 DEBUG 7660 --- [http-nio-8080-exec-9] c.e.e.m.service.StudentService           : No teacher found for student: 10
2025-04-10T00:13:13.400+07:00 DEBUG 7660 --- [http-nio-8080-exec-9] c.e.e.m.service.StudentService           : Getting class time for student: 10
2025-04-10T00:13:13.402+07:00 DEBUG 7660 --- [http-nio-8080-exec-9] c.e.e.m.service.StudentService           : No class time found for student: 10
2025-04-10T00:13:13.403+07:00 DEBUG 7660 --- [http-nio-8080-exec-9] c.e.e.m.service.StudentService           : Generated random status: absent
2025-04-10T00:13:13.403+07:00 DEBUG 7660 --- [http-nio-8080-exec-9] c.e.e.m.service.StudentService           : Getting subjects for student: 10
2025-04-10T00:13:13.405+07:00 DEBUG 7660 --- [http-nio-8080-exec-9] c.e.e.m.service.StudentService           : Found 0 subjects for student 10
2025-04-10T00:13:13.412+07:00  INFO 7660 --- [http-nio-8080-exec-9] c.e.e.m.service.StudentService           : Successfully fetched 4 students
2025-04-10T00:13:38.714+07:00 DEBUG 7660 --- [http-nio-8080-exec-2] c.e.eduweb.auth.config.JwtAuthFilter     : Processing request: /api/students
2025-04-10T00:13:38.720+07:00 DEBUG 7660 --- [http-nio-8080-exec-2] c.e.eduweb.auth.config.JwtAuthFilter     : JWT token extracted from header
2025-04-10T00:13:38.725+07:00 DEBUG 7660 --- [http-nio-8080-exec-2] c.e.eduweb.auth.service.JwtService       : Trích xu?t username t? token
2025-04-10T00:13:38.725+07:00 DEBUG 7660 --- [http-nio-8080-exec-2] c.e.eduweb.auth.service.JwtService       : B?t ??u trích xu?t t?t c? claims t? token
2025-04-10T00:13:38.759+07:00 DEBUG 7660 --- [http-nio-8080-exec-2] c.e.eduweb.auth.config.JwtAuthFilter     : Username extracted from token: admin
2025-04-10T00:13:38.759+07:00 DEBUG 7660 --- [http-nio-8080-exec-2] c.e.eduweb.auth.config.JwtAuthFilter     : Loading user details for username: admin
2025-04-10T00:13:38.760+07:00 DEBUG 7660 --- [http-nio-8080-exec-2] c.e.e.a.service.UserDetailsServiceImpl   : Attempting to load user by username: admin
2025-04-10T00:13:38.762+07:00  INFO 7660 --- [http-nio-8080-exec-2] c.e.e.a.service.UserDetailsServiceImpl   : User found: admin
2025-04-10T00:13:38.763+07:00 DEBUG 7660 --- [http-nio-8080-exec-2] c.e.e.a.service.UserDetailsServiceImpl   : User role: admin
2025-04-10T00:13:38.763+07:00 DEBUG 7660 --- [http-nio-8080-exec-2] c.e.e.a.service.UserDetailsServiceImpl   : Creating authority for role: admin
2025-04-10T00:13:38.763+07:00 DEBUG 7660 --- [http-nio-8080-exec-2] c.e.eduweb.auth.service.JwtService       : Ki?m tra tính h?p l? c?a token cho user: admin
2025-04-10T00:13:38.763+07:00 DEBUG 7660 --- [http-nio-8080-exec-2] c.e.eduweb.auth.service.JwtService       : Trích xu?t username t? token
2025-04-10T00:13:38.769+07:00 DEBUG 7660 --- [http-nio-8080-exec-2] c.e.eduweb.auth.service.JwtService       : B?t ??u trích xu?t t?t c? claims t? token
2025-04-10T00:13:38.791+07:00 DEBUG 7660 --- [http-nio-8080-exec-2] c.e.eduweb.auth.service.JwtService       : B?t ??u trích xu?t t?t c? claims t? token
2025-04-10T00:13:38.820+07:00 DEBUG 7660 --- [http-nio-8080-exec-2] c.e.eduweb.auth.service.JwtService       : Token h?p l? cho user: admin
2025-04-10T00:13:38.820+07:00  INFO 7660 --- [http-nio-8080-exec-2] c.e.eduweb.auth.config.JwtAuthFilter     : JWT token validated successfully for user: admin
2025-04-10T00:13:38.820+07:00 DEBUG 7660 --- [http-nio-8080-exec-2] c.e.eduweb.auth.config.JwtAuthFilter     : Authentication set in SecurityContext
2025-04-10T00:13:39.599+07:00  INFO 7660 --- [http-nio-8080-exec-2] c.e.e.m.service.StudentService           : Creating new student
2025-04-10T00:13:40.039+07:00  INFO 7660 --- [http-nio-8080-exec-2] c.e.e.m.service.StudentService           : Successfully created student with ID: 11
2025-04-10T00:13:40.059+07:00 DEBUG 7660 --- [http-nio-8080-exec-1] c.e.eduweb.auth.config.JwtAuthFilter     : Processing request: /api/students
2025-04-10T00:13:40.061+07:00 DEBUG 7660 --- [http-nio-8080-exec-1] c.e.eduweb.auth.config.JwtAuthFilter     : JWT token extracted from header
2025-04-10T00:13:40.061+07:00 DEBUG 7660 --- [http-nio-8080-exec-1] c.e.eduweb.auth.service.JwtService       : Trích xu?t username t? token
2025-04-10T00:13:40.061+07:00 DEBUG 7660 --- [http-nio-8080-exec-1] c.e.eduweb.auth.service.JwtService       : B?t ??u trích xu?t t?t c? claims t? token
2025-04-10T00:13:40.069+07:00 DEBUG 7660 --- [http-nio-8080-exec-1] c.e.eduweb.auth.config.JwtAuthFilter     : Username extracted from token: admin
2025-04-10T00:13:40.070+07:00 DEBUG 7660 --- [http-nio-8080-exec-1] c.e.eduweb.auth.config.JwtAuthFilter     : Loading user details for username: admin
2025-04-10T00:13:40.070+07:00 DEBUG 7660 --- [http-nio-8080-exec-1] c.e.e.a.service.UserDetailsServiceImpl   : Attempting to load user by username: admin
2025-04-10T00:13:40.072+07:00  INFO 7660 --- [http-nio-8080-exec-1] c.e.e.a.service.UserDetailsServiceImpl   : User found: admin
2025-04-10T00:13:40.073+07:00 DEBUG 7660 --- [http-nio-8080-exec-1] c.e.e.a.service.UserDetailsServiceImpl   : User role: admin
2025-04-10T00:13:40.073+07:00 DEBUG 7660 --- [http-nio-8080-exec-1] c.e.e.a.service.UserDetailsServiceImpl   : Creating authority for role: admin
2025-04-10T00:13:40.073+07:00 DEBUG 7660 --- [http-nio-8080-exec-1] c.e.eduweb.auth.service.JwtService       : Ki?m tra tính h?p l? c?a token cho user: admin
2025-04-10T00:13:40.073+07:00 DEBUG 7660 --- [http-nio-8080-exec-1] c.e.eduweb.auth.service.JwtService       : Trích xu?t username t? token
2025-04-10T00:13:40.074+07:00 DEBUG 7660 --- [http-nio-8080-exec-1] c.e.eduweb.auth.service.JwtService       : B?t ??u trích xu?t t?t c? claims t? token
2025-04-10T00:13:40.077+07:00 DEBUG 7660 --- [http-nio-8080-exec-1] c.e.eduweb.auth.service.JwtService       : B?t ??u trích xu?t t?t c? claims t? token
2025-04-10T00:13:40.080+07:00 DEBUG 7660 --- [http-nio-8080-exec-1] c.e.eduweb.auth.service.JwtService       : Token h?p l? cho user: admin
2025-04-10T00:13:40.080+07:00  INFO 7660 --- [http-nio-8080-exec-1] c.e.eduweb.auth.config.JwtAuthFilter     : JWT token validated successfully for user: admin
2025-04-10T00:13:40.080+07:00 DEBUG 7660 --- [http-nio-8080-exec-1] c.e.eduweb.auth.config.JwtAuthFilter     : Authentication set in SecurityContext
2025-04-10T00:13:40.082+07:00  INFO 7660 --- [http-nio-8080-exec-1] c.e.e.m.service.StudentService           : Fetching all students
2025-04-10T00:13:40.087+07:00 DEBUG 7660 --- [http-nio-8080-exec-1] c.e.e.m.service.StudentService           : Getting teacher for student: 1
2025-04-10T00:13:40.092+07:00 DEBUG 7660 --- [http-nio-8080-exec-1] c.e.e.m.service.StudentService           : Found teacher Nguyen Thi D for student 1
2025-04-10T00:13:40.092+07:00 DEBUG 7660 --- [http-nio-8080-exec-1] c.e.e.m.service.StudentService           : Getting class time for student: 1
2025-04-10T00:13:40.097+07:00 DEBUG 7660 --- [http-nio-8080-exec-1] c.e.e.m.service.StudentService           : Found class time 08:00 - 10:00 for student 1
2025-04-10T00:13:40.097+07:00 DEBUG 7660 --- [http-nio-8080-exec-1] c.e.e.m.service.StudentService           : Generated random status: absent
2025-04-10T00:13:40.097+07:00 DEBUG 7660 --- [http-nio-8080-exec-1] c.e.e.m.service.StudentService           : Getting subjects for student: 1
2025-04-10T00:13:40.101+07:00 DEBUG 7660 --- [http-nio-8080-exec-1] c.e.e.m.service.StudentService           : Found 2 subjects for student 1
2025-04-10T00:13:40.132+07:00 DEBUG 7660 --- [http-nio-8080-exec-1] c.e.e.m.service.StudentService           : Getting teacher for student: 2
2025-04-10T00:13:40.134+07:00 DEBUG 7660 --- [http-nio-8080-exec-1] c.e.e.m.service.StudentService           : Found teacher Nguyen Thi D for student 2
2025-04-10T00:13:40.134+07:00 DEBUG 7660 --- [http-nio-8080-exec-1] c.e.e.m.service.StudentService           : Getting class time for student: 2
2025-04-10T00:13:40.140+07:00 DEBUG 7660 --- [http-nio-8080-exec-1] c.e.e.m.service.StudentService           : Found class time 08:00 - 10:00 for student 2
2025-04-10T00:13:40.140+07:00 DEBUG 7660 --- [http-nio-8080-exec-1] c.e.e.m.service.StudentService           : Generated random status: absent
2025-04-10T00:13:40.141+07:00 DEBUG 7660 --- [http-nio-8080-exec-1] c.e.e.m.service.StudentService           : Getting subjects for student: 2
2025-04-10T00:13:40.149+07:00 DEBUG 7660 --- [http-nio-8080-exec-1] c.e.e.m.service.StudentService           : Found 1 subjects for student 2
2025-04-10T00:13:40.168+07:00 DEBUG 7660 --- [http-nio-8080-exec-1] c.e.e.m.service.StudentService           : Getting teacher for student: 3
2025-04-10T00:13:40.173+07:00 DEBUG 7660 --- [http-nio-8080-exec-1] c.e.e.m.service.StudentService           : Found teacher Le Thi F for student 3
2025-04-10T00:13:40.173+07:00 DEBUG 7660 --- [http-nio-8080-exec-1] c.e.e.m.service.StudentService           : Getting class time for student: 3
2025-04-10T00:13:40.178+07:00 DEBUG 7660 --- [http-nio-8080-exec-1] c.e.e.m.service.StudentService           : Found class time 15:00 - 17:00 for student 3
2025-04-10T00:13:40.179+07:00 DEBUG 7660 --- [http-nio-8080-exec-1] c.e.e.m.service.StudentService           : Generated random status: absent
2025-04-10T00:13:40.180+07:00 DEBUG 7660 --- [http-nio-8080-exec-1] c.e.e.m.service.StudentService           : Getting subjects for student: 3
2025-04-10T00:13:40.182+07:00 DEBUG 7660 --- [http-nio-8080-exec-1] c.e.e.m.service.StudentService           : Found 1 subjects for student 3
2025-04-10T00:13:40.196+07:00 DEBUG 7660 --- [http-nio-8080-exec-1] c.e.e.m.service.StudentService           : Getting teacher for student: 10
2025-04-10T00:13:40.197+07:00 DEBUG 7660 --- [http-nio-8080-exec-1] c.e.e.m.service.StudentService           : No teacher found for student: 10
2025-04-10T00:13:40.198+07:00 DEBUG 7660 --- [http-nio-8080-exec-1] c.e.e.m.service.StudentService           : Getting class time for student: 10
2025-04-10T00:13:40.199+07:00 DEBUG 7660 --- [http-nio-8080-exec-1] c.e.e.m.service.StudentService           : No class time found for student: 10
2025-04-10T00:13:40.199+07:00 DEBUG 7660 --- [http-nio-8080-exec-1] c.e.e.m.service.StudentService           : Generated random status: absent
2025-04-10T00:13:40.199+07:00 DEBUG 7660 --- [http-nio-8080-exec-1] c.e.e.m.service.StudentService           : Getting subjects for student: 10
2025-04-10T00:13:40.200+07:00 DEBUG 7660 --- [http-nio-8080-exec-1] c.e.e.m.service.StudentService           : Found 0 subjects for student 10
2025-04-10T00:13:40.207+07:00 DEBUG 7660 --- [http-nio-8080-exec-1] c.e.e.m.service.StudentService           : Getting teacher for student: 11
2025-04-10T00:13:40.208+07:00 DEBUG 7660 --- [http-nio-8080-exec-1] c.e.e.m.service.StudentService           : No teacher found for student: 11
2025-04-10T00:13:40.208+07:00 DEBUG 7660 --- [http-nio-8080-exec-1] c.e.e.m.service.StudentService           : Getting class time for student: 11
2025-04-10T00:13:40.211+07:00 DEBUG 7660 --- [http-nio-8080-exec-1] c.e.e.m.service.StudentService           : No class time found for student: 11
2025-04-10T00:13:40.211+07:00 DEBUG 7660 --- [http-nio-8080-exec-1] c.e.e.m.service.StudentService           : Generated random status: no class
2025-04-10T00:13:40.211+07:00 DEBUG 7660 --- [http-nio-8080-exec-1] c.e.e.m.service.StudentService           : Getting subjects for student: 11
2025-04-10T00:13:40.212+07:00 DEBUG 7660 --- [http-nio-8080-exec-1] c.e.e.m.service.StudentService           : Found 0 subjects for student 11
2025-04-10T00:13:40.216+07:00  INFO 7660 --- [http-nio-8080-exec-1] c.e.e.m.service.StudentService           : Successfully fetched 5 students
